2023-02-10 00:09:44,569|INFO|launch():169|Browser listening on: ws://127.0.0.1:51267/devtools/browser/d1c12ff0-ec63-40bf-ad17-915105ba0fad
2023-02-10 00:09:47,370|INFO|auto_login():31|验证码识别结果：0354
2023-02-10 00:09:49,041|INFO|killChrome():208|terminate chrome process...
2023-02-10 00:09:49,767|INFO|update():61|当前账户可用资金：51358.25
2023-02-10 00:09:49,773|INFO|__set_grids():85|网格价:2.000
2023-02-10 00:09:49,778|INFO|__set_grids():85|网格价:2.010
2023-02-10 00:09:49,783|INFO|__set_grids():85|网格价:2.020
2023-02-10 00:09:49,788|INFO|__set_grids():85|网格价:2.030
2023-02-10 00:09:49,794|INFO|__set_grids():85|网格价:2.040
2023-02-10 00:09:49,799|INFO|__set_grids():85|网格价:2.050
2023-02-10 00:09:49,804|INFO|__set_grids():85|网格价:2.060
2023-02-10 00:09:49,809|INFO|__set_grids():85|网格价:2.070
2023-02-10 00:09:49,814|INFO|__set_grids():85|网格价:2.080
2023-02-10 00:09:49,820|INFO|__set_grids():85|网格价:2.090
2023-02-10 00:09:49,830|INFO|__set_grids():85|网格价:2.100
2023-02-10 00:09:49,835|INFO|__set_grids():85|网格价:2.110
2023-02-10 00:09:49,840|INFO|__set_grids():85|网格价:2.121
2023-02-10 00:09:49,845|INFO|__set_grids():85|网格价:2.132
2023-02-10 00:09:49,851|INFO|__set_grids():85|网格价:2.143
2023-02-10 00:09:49,856|INFO|__set_grids():85|网格价:2.154
2023-02-10 00:09:49,861|INFO|__set_grids():85|网格价:2.165
2023-02-10 00:09:49,866|INFO|__set_grids():85|网格价:2.176
2023-02-10 00:09:49,871|INFO|__set_grids():85|网格价:2.187
2023-02-10 00:09:49,877|INFO|__set_grids():85|网格价:2.198
2023-02-10 00:09:49,882|INFO|__set_grids():85|网格价:2.209
2023-02-10 00:09:49,887|INFO|__set_grids():85|网格价:2.220
2023-02-10 00:09:49,892|INFO|__set_grids():85|网格价:2.231
2023-02-10 00:09:49,897|INFO|__set_grids():85|网格价:2.242
2023-02-10 00:09:49,903|INFO|__set_grids():85|网格价:2.253
2023-02-10 00:09:49,908|INFO|__set_grids():85|网格价:2.264
2023-02-10 00:09:49,913|INFO|__set_grids():85|网格价:2.275
2023-02-10 00:09:49,913|INFO|__set_grids():85|网格价:2.286
2023-02-10 00:09:49,913|INFO|__set_grids():85|网格价:2.297
2023-02-10 00:09:49,913|INFO|__set_grids():85|网格价:2.308
2023-02-10 00:09:49,913|INFO|__set_grids():85|网格价:2.320
2023-02-10 00:09:49,914|INFO|__set_grids():85|网格价:2.332
2023-02-10 00:09:49,914|INFO|__set_grids():85|网格价:2.344
2023-02-10 00:09:49,914|INFO|__set_grids():85|网格价:2.356
2023-02-10 00:09:49,914|INFO|__set_grids():85|网格价:2.368
2023-02-10 00:09:49,914|INFO|__set_grids():85|网格价:2.380
2023-02-10 00:09:49,914|INFO|__set_grids():85|网格价:2.392
2023-02-10 00:09:49,914|INFO|__set_grids():85|网格价:2.404
2023-02-10 00:09:49,914|INFO|__set_grids():85|网格价:2.416
2023-02-10 00:09:49,914|INFO|__set_grids():85|网格价:2.428
2023-02-10 00:09:49,914|INFO|__set_grids():85|网格价:2.440
2023-02-10 00:09:49,915|INFO|__set_grids():85|网格价:2.452
2023-02-10 00:09:49,915|INFO|__set_grids():85|网格价:2.464
2023-02-10 00:09:49,915|INFO|__set_grids():85|网格价:2.476
2023-02-10 00:09:49,915|INFO|__set_grids():85|网格价:2.488
2023-02-10 00:09:49,915|INFO|__set_grids():85|网格价:2.500
2023-02-10 00:09:49,915|INFO|__set_grids():85|网格价:2.512
2023-02-10 00:09:49,915|INFO|__set_grids():85|网格价:2.525
2023-02-10 00:09:49,915|INFO|__set_grids():85|网格价:2.538
2023-02-10 00:09:49,915|INFO|__set_grids():85|网格价:2.551
2023-02-10 00:09:49,915|INFO|__set_grids():85|网格价:2.564
2023-02-10 00:09:49,915|INFO|__set_grids():85|网格价:2.577
2023-02-10 00:09:49,916|INFO|__set_grids():85|网格价:2.590
2023-02-10 00:09:49,916|INFO|__set_grids():85|网格价:2.603
2023-02-10 00:09:49,916|INFO|__set_grids():85|网格价:2.616
2023-02-10 00:09:49,916|INFO|__set_grids():85|网格价:2.629
2023-02-10 00:09:49,916|INFO|__set_grids():85|网格价:2.642
2023-02-10 00:09:49,916|INFO|__set_grids():85|网格价:2.655
2023-02-10 00:09:49,916|INFO|__set_grids():85|网格价:2.668
2023-02-10 00:09:49,921|INFO|__set_grids():85|网格价:2.681
2023-02-10 00:09:49,932|INFO|__set_grids():85|网格价:2.694
2023-02-10 00:09:49,937|INFO|__set_grids():85|网格价:2.707
2023-02-10 00:09:49,942|INFO|__set_grids():85|网格价:2.721
2023-02-10 00:09:49,952|INFO|__set_grids():85|网格价:2.735
2023-02-10 00:09:49,958|INFO|__set_grids():85|网格价:2.749
2023-02-10 00:09:49,963|INFO|__set_grids():85|网格价:2.763
2023-02-10 00:09:49,968|INFO|__set_grids():85|网格价:2.777
2023-02-10 00:09:49,968|INFO|__set_grids():85|网格价:2.791
2023-02-10 00:09:49,968|INFO|__set_grids():85|网格价:2.805
2023-02-10 00:09:49,968|INFO|__set_grids():85|网格价:2.819
2023-02-10 00:09:49,968|INFO|__set_grids():85|网格价:2.833
2023-02-10 00:09:49,968|INFO|__set_grids():85|网格价:2.847
2023-02-10 00:09:49,974|INFO|__set_grids():85|网格价:2.861
2023-02-10 00:09:49,979|INFO|__set_grids():85|网格价:2.875
2023-02-10 00:09:49,984|INFO|__set_grids():85|网格价:2.889
2023-02-10 00:09:49,989|INFO|__set_grids():85|网格价:2.903
2023-02-10 00:09:49,994|INFO|__set_grids():85|网格价:2.918
2023-02-10 00:09:50,000|INFO|__set_grids():85|网格价:2.933
2023-02-10 00:09:50,005|INFO|__set_grids():85|网格价:2.948
2023-02-10 00:09:50,010|INFO|__set_grids():85|网格价:2.963
2023-02-10 00:09:50,010|INFO|__set_grids():85|网格价:2.978
2023-02-10 00:09:50,010|INFO|__set_grids():85|网格价:2.993
2023-02-10 00:09:50,010|INFO|__set_grids():85|网格价:3.008
2023-02-10 00:09:50,010|INFO|__set_grids():85|网格价:3.023
2023-02-10 00:09:50,010|INFO|__set_grids():85|网格价:3.038
2023-02-10 00:09:50,011|INFO|__set_grids():85|网格价:3.053
2023-02-10 00:09:50,011|INFO|__set_grids():85|网格价:3.068
2023-02-10 00:09:50,011|INFO|__set_grids():85|网格价:3.083
2023-02-10 00:09:50,011|INFO|__set_grids():85|网格价:3.098
2023-02-10 00:09:50,011|INFO|__set_grids():85|网格价:3.113
2023-02-10 00:09:50,011|INFO|__set_grids():85|网格价:3.129
2023-02-10 00:09:50,011|INFO|__set_grids():85|网格价:3.145
2023-02-10 00:09:50,011|INFO|__set_grids():85|网格价:3.161
2023-02-10 00:09:50,011|INFO|__set_grids():85|网格价:3.177
2023-02-10 00:09:50,011|INFO|__set_grids():85|网格价:3.193
2023-02-10 00:09:50,011|INFO|__set_grids():85|网格价:3.209
2023-02-10 00:09:50,017|INFO|__set_grids():85|网格价:3.225
2023-02-10 00:09:50,022|INFO|__set_grids():85|网格价:3.241
2023-02-10 00:09:50,032|INFO|__set_grids():85|网格价:3.257
2023-02-10 00:09:50,037|INFO|__set_grids():85|网格价:3.273
2023-02-10 00:09:50,042|INFO|__set_grids():85|网格价:3.289
2023-02-10 00:09:50,048|INFO|__set_grids():85|网格价:3.305
2023-02-10 00:09:50,053|INFO|__set_grids():85|网格价:3.322
2023-02-10 00:09:50,058|INFO|__set_grids():85|网格价:3.339
2023-02-10 00:09:50,063|INFO|__set_grids():85|网格价:3.356
2023-02-10 00:09:50,068|INFO|__set_grids():85|网格价:3.373
2023-02-10 00:09:50,074|INFO|__set_grids():85|网格价:3.390
2023-02-10 00:09:50,079|INFO|__set_grids():85|网格价:3.407
2023-02-10 00:09:50,084|INFO|__set_grids():85|网格价:3.424
2023-02-10 00:09:50,089|INFO|__set_grids():85|网格价:3.441
2023-02-10 00:09:50,094|INFO|__set_grids():85|网格价:3.458
2023-02-10 00:09:50,099|INFO|__set_grids():85|网格价:3.475
2023-02-10 00:09:50,105|INFO|__set_grids():85|网格价:3.492
2023-02-10 00:09:50,110|INFO|__set_grids():85|网格价:3.509
2023-02-10 00:09:50,115|INFO|__set_grids():85|网格价:3.527
2023-02-10 00:09:50,120|INFO|__set_grids():85|网格价:3.545
2023-02-10 00:09:50,125|INFO|__set_grids():85|网格价:3.563
2023-02-10 00:09:50,136|INFO|__set_grids():85|网格价:3.581
2023-02-10 00:09:50,141|INFO|__set_grids():85|网格价:3.599
2023-02-10 00:09:50,146|INFO|__set_grids():85|网格价:3.617
2023-02-10 00:09:50,152|INFO|__set_grids():85|网格价:3.635
2023-02-10 00:09:50,157|INFO|__set_grids():85|网格价:3.653
2023-02-10 00:09:50,162|INFO|__set_grids():85|网格价:3.671
2023-02-10 00:09:50,167|INFO|__set_grids():85|网格价:3.689
2023-02-10 00:09:50,172|INFO|__set_grids():85|网格价:3.707
2023-02-10 00:09:50,178|INFO|__set_grids():85|网格价:3.726
2023-02-10 00:09:50,183|INFO|__set_grids():85|网格价:3.745
2023-02-10 00:09:50,188|INFO|__set_grids():85|网格价:3.764
2023-02-10 00:09:50,193|INFO|__set_grids():85|网格价:3.783
2023-02-10 00:09:50,198|INFO|__set_grids():85|网格价:3.802
2023-02-10 00:09:50,203|INFO|__set_grids():85|网格价:3.821
2023-02-10 00:09:50,209|INFO|__set_grids():85|网格价:3.840
2023-02-10 00:09:50,214|INFO|__set_grids():85|网格价:3.859
2023-02-10 00:09:50,214|INFO|__set_grids():85|网格价:3.878
2023-02-10 00:09:50,214|INFO|__set_grids():85|网格价:3.897
2023-02-10 00:09:50,214|INFO|__set_grids():85|网格价:3.916
2023-02-10 00:09:50,214|INFO|__set_grids():85|网格价:3.936
2023-02-10 00:09:50,219|INFO|__set_grids():85|网格价:3.956
2023-02-10 00:09:50,225|INFO|__set_grids():85|网格价:3.976
2023-02-10 00:09:50,230|INFO|__set_grids():85|网格价:3.996
2023-02-10 00:09:50,240|INFO|__set_grids():85|网格价:4.016
2023-02-10 00:09:50,245|INFO|__set_grids():85|网格价:4.036
2023-02-10 00:09:50,256|INFO|__set_grids():85|网格价:4.056
2023-02-10 00:09:50,261|INFO|__set_grids():85|网格价:4.076
2023-02-10 00:09:50,266|INFO|__set_grids():85|网格价:4.096
2023-02-10 00:09:50,271|INFO|__set_grids():85|网格价:4.116
2023-02-10 00:09:50,276|INFO|__set_grids():85|网格价:4.137
2023-02-10 00:09:50,281|INFO|__set_grids():85|网格价:4.158
2023-02-10 00:09:50,287|INFO|__set_grids():85|网格价:4.179
2023-02-10 00:09:50,292|INFO|__set_grids():85|网格价:4.200
2023-02-10 00:09:50,297|INFO|__set_grids():85|网格价:4.221
2023-02-10 00:09:50,302|INFO|__set_grids():85|网格价:4.242
2023-02-10 00:09:50,307|INFO|__set_grids():85|网格价:4.263
2023-02-10 00:09:50,313|INFO|__set_grids():85|网格价:4.284
2023-02-10 00:09:50,318|INFO|__set_grids():85|网格价:4.305
2023-02-10 00:09:50,323|INFO|__set_grids():85|网格价:4.327
2023-02-10 00:09:50,328|INFO|__set_grids():85|网格价:4.349
2023-02-10 00:09:50,334|INFO|__set_grids():85|网格价:4.371
2023-02-10 00:09:50,344|INFO|__set_grids():85|网格价:4.393
2023-02-10 00:09:50,349|INFO|__set_grids():85|网格价:4.415
2023-02-10 00:09:50,355|INFO|__set_grids():85|网格价:4.437
2023-02-10 00:09:50,361|INFO|__set_grids():85|网格价:4.459
2023-02-10 00:09:50,361|INFO|__set_grids():85|网格价:4.481
2023-02-10 00:09:50,361|INFO|__set_grids():85|网格价:4.503
2023-02-10 00:09:50,362|INFO|__set_grids():85|网格价:4.526
2023-02-10 00:09:50,362|INFO|__set_grids():85|网格价:4.549
2023-02-10 00:09:50,362|INFO|__set_grids():85|网格价:4.572
2023-02-10 00:09:50,362|INFO|__set_grids():85|网格价:4.595
2023-02-10 00:09:50,362|INFO|__set_grids():85|网格价:4.618
2023-02-10 00:09:50,362|INFO|__set_grids():85|网格价:4.641
2023-02-10 00:09:50,362|INFO|__set_grids():85|网格价:4.664
2023-02-10 00:09:50,362|INFO|__set_grids():85|网格价:4.687
2023-02-10 00:09:50,362|INFO|__set_grids():85|网格价:4.710
2023-02-10 00:09:50,363|INFO|__set_grids():85|网格价:4.734
2023-02-10 00:09:50,363|INFO|__set_grids():85|网格价:4.758
2023-02-10 00:09:50,363|INFO|__set_grids():85|网格价:4.782
2023-02-10 00:09:50,363|INFO|__set_grids():85|网格价:4.806
2023-02-10 00:09:50,363|INFO|__set_grids():85|网格价:4.830
2023-02-10 00:09:50,363|INFO|__set_grids():85|网格价:4.854
2023-02-10 00:09:50,363|INFO|__set_grids():85|网格价:4.878
2023-02-10 00:09:50,363|INFO|__set_grids():85|网格价:4.902
2023-02-10 00:09:50,363|INFO|__set_grids():85|网格价:4.927
2023-02-10 00:09:50,364|INFO|__set_grids():85|网格价:4.952
2023-02-10 00:09:50,364|INFO|__set_grids():85|网格价:4.977
2023-02-10 00:09:55,697|INFO|update():61|当前账户可用资金：51358.25
2023-02-10 00:10:05,685|INFO|update():61|当前账户可用资金：51358.25
2023-02-10 00:10:15,694|INFO|update():61|当前账户可用资金：51358.25
2023-02-10 00:10:51,653|INFO|launcher.py|launch():169|Browser listening on: ws://127.0.0.1:33557/devtools/browser/882ca1f2-03d8-437d-9487-82d8d44fa856
2023-02-10 00:10:54,933|INFO|auto_login.py|auto_login():31|验证码识别结果：2860
2023-02-10 00:10:56,575|WARNING|auto_login.py|auto_login():41|登录成功
2023-02-10 00:10:56,598|INFO|launcher.py|killChrome():208|terminate chrome process...
2023-02-10 00:10:57,272|INFO|user.py|update():61|当前账户可用资金：51358.25
2023-02-10 00:10:57,277|INFO|example_grid_trading.py|__set_grids():85|网格价:2.000
2023-02-10 00:10:57,282|INFO|example_grid_trading.py|__set_grids():85|网格价:2.010
2023-02-10 00:10:57,288|INFO|example_grid_trading.py|__set_grids():85|网格价:2.020
2023-02-10 00:10:57,293|INFO|example_grid_trading.py|__set_grids():85|网格价:2.030
2023-02-10 00:10:57,298|INFO|example_grid_trading.py|__set_grids():85|网格价:2.040
2023-02-10 00:10:57,303|INFO|example_grid_trading.py|__set_grids():85|网格价:2.050
2023-02-10 00:10:57,308|INFO|example_grid_trading.py|__set_grids():85|网格价:2.060
2023-02-10 00:10:57,314|INFO|example_grid_trading.py|__set_grids():85|网格价:2.070
2023-02-10 00:10:57,319|INFO|example_grid_trading.py|__set_grids():85|网格价:2.080
2023-02-10 00:10:57,324|INFO|example_grid_trading.py|__set_grids():85|网格价:2.090
2023-02-10 00:10:57,334|INFO|example_grid_trading.py|__set_grids():85|网格价:2.100
2023-02-10 00:10:57,334|INFO|example_grid_trading.py|__set_grids():85|网格价:2.110
2023-02-10 00:10:57,334|INFO|example_grid_trading.py|__set_grids():85|网格价:2.121
2023-02-10 00:10:57,335|INFO|example_grid_trading.py|__set_grids():85|网格价:2.132
2023-02-10 00:10:57,335|INFO|example_grid_trading.py|__set_grids():85|网格价:2.143
2023-02-10 00:10:57,335|INFO|example_grid_trading.py|__set_grids():85|网格价:2.154
2023-02-10 00:10:57,335|INFO|example_grid_trading.py|__set_grids():85|网格价:2.165
2023-02-10 00:10:57,335|INFO|example_grid_trading.py|__set_grids():85|网格价:2.176
2023-02-10 00:10:57,335|INFO|example_grid_trading.py|__set_grids():85|网格价:2.187
2023-02-10 00:10:57,335|INFO|example_grid_trading.py|__set_grids():85|网格价:2.198
2023-02-10 00:10:57,335|INFO|example_grid_trading.py|__set_grids():85|网格价:2.209
2023-02-10 00:10:57,335|INFO|example_grid_trading.py|__set_grids():85|网格价:2.220
2023-02-10 00:10:57,335|INFO|example_grid_trading.py|__set_grids():85|网格价:2.231
2023-02-10 00:10:57,335|INFO|example_grid_trading.py|__set_grids():85|网格价:2.242
2023-02-10 00:10:57,336|INFO|example_grid_trading.py|__set_grids():85|网格价:2.253
2023-02-10 00:10:57,336|INFO|example_grid_trading.py|__set_grids():85|网格价:2.264
2023-02-10 00:10:57,336|INFO|example_grid_trading.py|__set_grids():85|网格价:2.275
2023-02-10 00:10:57,336|INFO|example_grid_trading.py|__set_grids():85|网格价:2.286
2023-02-10 00:10:57,336|INFO|example_grid_trading.py|__set_grids():85|网格价:2.297
2023-02-10 00:10:57,336|INFO|example_grid_trading.py|__set_grids():85|网格价:2.308
2023-02-10 00:10:57,336|INFO|example_grid_trading.py|__set_grids():85|网格价:2.320
2023-02-10 00:10:57,336|INFO|example_grid_trading.py|__set_grids():85|网格价:2.332
2023-02-10 00:10:57,336|INFO|example_grid_trading.py|__set_grids():85|网格价:2.344
2023-02-10 00:10:57,336|INFO|example_grid_trading.py|__set_grids():85|网格价:2.356
2023-02-10 00:10:57,337|INFO|example_grid_trading.py|__set_grids():85|网格价:2.368
2023-02-10 00:10:57,337|INFO|example_grid_trading.py|__set_grids():85|网格价:2.380
2023-02-10 00:10:57,337|INFO|example_grid_trading.py|__set_grids():85|网格价:2.392
2023-02-10 00:10:57,337|INFO|example_grid_trading.py|__set_grids():85|网格价:2.404
2023-02-10 00:10:57,337|INFO|example_grid_trading.py|__set_grids():85|网格价:2.416
2023-02-10 00:10:57,337|INFO|example_grid_trading.py|__set_grids():85|网格价:2.428
2023-02-10 00:10:57,337|INFO|example_grid_trading.py|__set_grids():85|网格价:2.440
2023-02-10 00:10:57,337|INFO|example_grid_trading.py|__set_grids():85|网格价:2.452
2023-02-10 00:10:57,343|INFO|example_grid_trading.py|__set_grids():85|网格价:2.464
2023-02-10 00:10:57,353|INFO|example_grid_trading.py|__set_grids():85|网格价:2.476
2023-02-10 00:10:57,358|INFO|example_grid_trading.py|__set_grids():85|网格价:2.488
2023-02-10 00:10:57,363|INFO|example_grid_trading.py|__set_grids():85|网格价:2.500
2023-02-10 00:10:57,374|INFO|example_grid_trading.py|__set_grids():85|网格价:2.512
2023-02-10 00:10:57,379|INFO|example_grid_trading.py|__set_grids():85|网格价:2.525
2023-02-10 00:10:57,384|INFO|example_grid_trading.py|__set_grids():85|网格价:2.538
2023-02-10 00:10:57,389|INFO|example_grid_trading.py|__set_grids():85|网格价:2.551
2023-02-10 00:10:57,394|INFO|example_grid_trading.py|__set_grids():85|网格价:2.564
2023-02-10 00:10:57,399|INFO|example_grid_trading.py|__set_grids():85|网格价:2.577
2023-02-10 00:10:57,405|INFO|example_grid_trading.py|__set_grids():85|网格价:2.590
2023-02-10 00:10:57,405|INFO|example_grid_trading.py|__set_grids():85|网格价:2.603
2023-02-10 00:10:57,405|INFO|example_grid_trading.py|__set_grids():85|网格价:2.616
2023-02-10 00:10:57,405|INFO|example_grid_trading.py|__set_grids():85|网格价:2.629
2023-02-10 00:10:57,405|INFO|example_grid_trading.py|__set_grids():85|网格价:2.642
2023-02-10 00:10:57,405|INFO|example_grid_trading.py|__set_grids():85|网格价:2.655
2023-02-10 00:10:57,405|INFO|example_grid_trading.py|__set_grids():85|网格价:2.668
2023-02-10 00:10:57,405|INFO|example_grid_trading.py|__set_grids():85|网格价:2.681
2023-02-10 00:10:57,405|INFO|example_grid_trading.py|__set_grids():85|网格价:2.694
2023-02-10 00:10:57,406|INFO|example_grid_trading.py|__set_grids():85|网格价:2.707
2023-02-10 00:10:57,406|INFO|example_grid_trading.py|__set_grids():85|网格价:2.721
2023-02-10 00:10:57,406|INFO|example_grid_trading.py|__set_grids():85|网格价:2.735
2023-02-10 00:10:57,406|INFO|example_grid_trading.py|__set_grids():85|网格价:2.749
2023-02-10 00:10:57,406|INFO|example_grid_trading.py|__set_grids():85|网格价:2.763
2023-02-10 00:10:57,406|INFO|example_grid_trading.py|__set_grids():85|网格价:2.777
2023-02-10 00:10:57,406|INFO|example_grid_trading.py|__set_grids():85|网格价:2.791
2023-02-10 00:10:57,406|INFO|example_grid_trading.py|__set_grids():85|网格价:2.805
2023-02-10 00:10:57,407|INFO|example_grid_trading.py|__set_grids():85|网格价:2.819
2023-02-10 00:10:57,407|INFO|example_grid_trading.py|__set_grids():85|网格价:2.833
2023-02-10 00:10:57,407|INFO|example_grid_trading.py|__set_grids():85|网格价:2.847
2023-02-10 00:10:57,407|INFO|example_grid_trading.py|__set_grids():85|网格价:2.861
2023-02-10 00:10:57,407|INFO|example_grid_trading.py|__set_grids():85|网格价:2.875
2023-02-10 00:10:57,407|INFO|example_grid_trading.py|__set_grids():85|网格价:2.889
2023-02-10 00:10:57,407|INFO|example_grid_trading.py|__set_grids():85|网格价:2.903
2023-02-10 00:10:57,407|INFO|example_grid_trading.py|__set_grids():85|网格价:2.918
2023-02-10 00:10:57,413|INFO|example_grid_trading.py|__set_grids():85|网格价:2.933
2023-02-10 00:10:57,418|INFO|example_grid_trading.py|__set_grids():85|网格价:2.948
2023-02-10 00:10:57,423|INFO|example_grid_trading.py|__set_grids():85|网格价:2.963
2023-02-10 00:10:57,428|INFO|example_grid_trading.py|__set_grids():85|网格价:2.978
2023-02-10 00:10:57,433|INFO|example_grid_trading.py|__set_grids():85|网格价:2.993
2023-02-10 00:10:57,440|INFO|example_grid_trading.py|__set_grids():85|网格价:3.008
2023-02-10 00:10:57,440|INFO|example_grid_trading.py|__set_grids():85|网格价:3.023
2023-02-10 00:10:57,440|INFO|example_grid_trading.py|__set_grids():85|网格价:3.038
2023-02-10 00:10:57,441|INFO|example_grid_trading.py|__set_grids():85|网格价:3.053
2023-02-10 00:10:57,441|INFO|example_grid_trading.py|__set_grids():85|网格价:3.068
2023-02-10 00:10:57,441|INFO|example_grid_trading.py|__set_grids():85|网格价:3.083
2023-02-10 00:10:57,441|INFO|example_grid_trading.py|__set_grids():85|网格价:3.098
2023-02-10 00:10:57,441|INFO|example_grid_trading.py|__set_grids():85|网格价:3.113
2023-02-10 00:10:57,441|INFO|example_grid_trading.py|__set_grids():85|网格价:3.129
2023-02-10 00:10:57,441|INFO|example_grid_trading.py|__set_grids():85|网格价:3.145
2023-02-10 00:10:57,441|INFO|example_grid_trading.py|__set_grids():85|网格价:3.161
2023-02-10 00:10:57,442|INFO|example_grid_trading.py|__set_grids():85|网格价:3.177
2023-02-10 00:10:57,442|INFO|example_grid_trading.py|__set_grids():85|网格价:3.193
2023-02-10 00:10:57,442|INFO|example_grid_trading.py|__set_grids():85|网格价:3.209
2023-02-10 00:10:57,442|INFO|example_grid_trading.py|__set_grids():85|网格价:3.225
2023-02-10 00:10:57,442|INFO|example_grid_trading.py|__set_grids():85|网格价:3.241
2023-02-10 00:10:57,442|INFO|example_grid_trading.py|__set_grids():85|网格价:3.257
2023-02-10 00:10:57,442|INFO|example_grid_trading.py|__set_grids():85|网格价:3.273
2023-02-10 00:10:57,442|INFO|example_grid_trading.py|__set_grids():85|网格价:3.289
2023-02-10 00:10:57,443|INFO|example_grid_trading.py|__set_grids():85|网格价:3.305
2023-02-10 00:10:57,443|INFO|example_grid_trading.py|__set_grids():85|网格价:3.322
2023-02-10 00:10:57,443|INFO|example_grid_trading.py|__set_grids():85|网格价:3.339
2023-02-10 00:10:57,443|INFO|example_grid_trading.py|__set_grids():85|网格价:3.356
2023-02-10 00:10:57,443|INFO|example_grid_trading.py|__set_grids():85|网格价:3.373
2023-02-10 00:10:57,443|INFO|example_grid_trading.py|__set_grids():85|网格价:3.390
2023-02-10 00:10:57,443|INFO|example_grid_trading.py|__set_grids():85|网格价:3.407
2023-02-10 00:10:57,443|INFO|example_grid_trading.py|__set_grids():85|网格价:3.424
2023-02-10 00:10:57,444|INFO|example_grid_trading.py|__set_grids():85|网格价:3.441
2023-02-10 00:10:57,444|INFO|example_grid_trading.py|__set_grids():85|网格价:3.458
2023-02-10 00:10:57,444|INFO|example_grid_trading.py|__set_grids():85|网格价:3.475
2023-02-10 00:10:57,444|INFO|example_grid_trading.py|__set_grids():85|网格价:3.492
2023-02-10 00:10:57,444|INFO|example_grid_trading.py|__set_grids():85|网格价:3.509
2023-02-10 00:10:57,444|INFO|example_grid_trading.py|__set_grids():85|网格价:3.527
2023-02-10 00:10:57,444|INFO|example_grid_trading.py|__set_grids():85|网格价:3.545
2023-02-10 00:10:57,444|INFO|example_grid_trading.py|__set_grids():85|网格价:3.563
2023-02-10 00:10:57,444|INFO|example_grid_trading.py|__set_grids():85|网格价:3.581
2023-02-10 00:10:57,445|INFO|example_grid_trading.py|__set_grids():85|网格价:3.599
2023-02-10 00:10:57,445|INFO|example_grid_trading.py|__set_grids():85|网格价:3.617
2023-02-10 00:10:57,445|INFO|example_grid_trading.py|__set_grids():85|网格价:3.635
2023-02-10 00:10:57,445|INFO|example_grid_trading.py|__set_grids():85|网格价:3.653
2023-02-10 00:10:57,445|INFO|example_grid_trading.py|__set_grids():85|网格价:3.671
2023-02-10 00:10:57,445|INFO|example_grid_trading.py|__set_grids():85|网格价:3.689
2023-02-10 00:10:57,445|INFO|example_grid_trading.py|__set_grids():85|网格价:3.707
2023-02-10 00:10:57,445|INFO|example_grid_trading.py|__set_grids():85|网格价:3.726
2023-02-10 00:10:57,446|INFO|example_grid_trading.py|__set_grids():85|网格价:3.745
2023-02-10 00:10:57,446|INFO|example_grid_trading.py|__set_grids():85|网格价:3.764
2023-02-10 00:10:57,446|INFO|example_grid_trading.py|__set_grids():85|网格价:3.783
2023-02-10 00:10:57,446|INFO|example_grid_trading.py|__set_grids():85|网格价:3.802
2023-02-10 00:10:57,446|INFO|example_grid_trading.py|__set_grids():85|网格价:3.821
2023-02-10 00:10:57,446|INFO|example_grid_trading.py|__set_grids():85|网格价:3.840
2023-02-10 00:10:57,446|INFO|example_grid_trading.py|__set_grids():85|网格价:3.859
2023-02-10 00:10:57,446|INFO|example_grid_trading.py|__set_grids():85|网格价:3.878
2023-02-10 00:10:57,446|INFO|example_grid_trading.py|__set_grids():85|网格价:3.897
2023-02-10 00:10:57,447|INFO|example_grid_trading.py|__set_grids():85|网格价:3.916
2023-02-10 00:10:57,447|INFO|example_grid_trading.py|__set_grids():85|网格价:3.936
2023-02-10 00:10:57,447|INFO|example_grid_trading.py|__set_grids():85|网格价:3.956
2023-02-10 00:10:57,447|INFO|example_grid_trading.py|__set_grids():85|网格价:3.976
2023-02-10 00:10:57,447|INFO|example_grid_trading.py|__set_grids():85|网格价:3.996
2023-02-10 00:10:57,447|INFO|example_grid_trading.py|__set_grids():85|网格价:4.016
2023-02-10 00:10:57,447|INFO|example_grid_trading.py|__set_grids():85|网格价:4.036
2023-02-10 00:10:57,447|INFO|example_grid_trading.py|__set_grids():85|网格价:4.056
2023-02-10 00:10:57,447|INFO|example_grid_trading.py|__set_grids():85|网格价:4.076
2023-02-10 00:10:57,448|INFO|example_grid_trading.py|__set_grids():85|网格价:4.096
2023-02-10 00:10:57,448|INFO|example_grid_trading.py|__set_grids():85|网格价:4.116
2023-02-10 00:10:57,448|INFO|example_grid_trading.py|__set_grids():85|网格价:4.137
2023-02-10 00:10:57,448|INFO|example_grid_trading.py|__set_grids():85|网格价:4.158
2023-02-10 00:10:57,448|INFO|example_grid_trading.py|__set_grids():85|网格价:4.179
2023-02-10 00:10:57,448|INFO|example_grid_trading.py|__set_grids():85|网格价:4.200
2023-02-10 00:10:57,448|INFO|example_grid_trading.py|__set_grids():85|网格价:4.221
2023-02-10 00:10:57,448|INFO|example_grid_trading.py|__set_grids():85|网格价:4.242
2023-02-10 00:10:57,448|INFO|example_grid_trading.py|__set_grids():85|网格价:4.263
2023-02-10 00:10:57,449|INFO|example_grid_trading.py|__set_grids():85|网格价:4.284
2023-02-10 00:10:57,449|INFO|example_grid_trading.py|__set_grids():85|网格价:4.305
2023-02-10 00:10:57,449|INFO|example_grid_trading.py|__set_grids():85|网格价:4.327
2023-02-10 00:10:57,449|INFO|example_grid_trading.py|__set_grids():85|网格价:4.349
2023-02-10 00:10:57,449|INFO|example_grid_trading.py|__set_grids():85|网格价:4.371
2023-02-10 00:10:57,449|INFO|example_grid_trading.py|__set_grids():85|网格价:4.393
2023-02-10 00:10:57,449|INFO|example_grid_trading.py|__set_grids():85|网格价:4.415
2023-02-10 00:10:57,449|INFO|example_grid_trading.py|__set_grids():85|网格价:4.437
2023-02-10 00:10:57,450|INFO|example_grid_trading.py|__set_grids():85|网格价:4.459
2023-02-10 00:10:57,450|INFO|example_grid_trading.py|__set_grids():85|网格价:4.481
2023-02-10 00:10:57,450|INFO|example_grid_trading.py|__set_grids():85|网格价:4.503
2023-02-10 00:10:57,450|INFO|example_grid_trading.py|__set_grids():85|网格价:4.526
2023-02-10 00:10:57,450|INFO|example_grid_trading.py|__set_grids():85|网格价:4.549
2023-02-10 00:10:57,450|INFO|example_grid_trading.py|__set_grids():85|网格价:4.572
2023-02-10 00:10:57,450|INFO|example_grid_trading.py|__set_grids():85|网格价:4.595
2023-02-10 00:10:57,450|INFO|example_grid_trading.py|__set_grids():85|网格价:4.618
2023-02-10 00:10:57,450|INFO|example_grid_trading.py|__set_grids():85|网格价:4.641
2023-02-10 00:10:57,451|INFO|example_grid_trading.py|__set_grids():85|网格价:4.664
2023-02-10 00:10:57,451|INFO|example_grid_trading.py|__set_grids():85|网格价:4.687
2023-02-10 00:10:57,451|INFO|example_grid_trading.py|__set_grids():85|网格价:4.710
2023-02-10 00:10:57,451|INFO|example_grid_trading.py|__set_grids():85|网格价:4.734
2023-02-10 00:10:57,451|INFO|example_grid_trading.py|__set_grids():85|网格价:4.758
2023-02-10 00:10:57,451|INFO|example_grid_trading.py|__set_grids():85|网格价:4.782
2023-02-10 00:10:57,451|INFO|example_grid_trading.py|__set_grids():85|网格价:4.806
2023-02-10 00:10:57,451|INFO|example_grid_trading.py|__set_grids():85|网格价:4.830
2023-02-10 00:10:57,452|INFO|example_grid_trading.py|__set_grids():85|网格价:4.854
2023-02-10 00:10:57,452|INFO|example_grid_trading.py|__set_grids():85|网格价:4.878
2023-02-10 00:10:57,452|INFO|example_grid_trading.py|__set_grids():85|网格价:4.902
2023-02-10 00:10:57,452|INFO|example_grid_trading.py|__set_grids():85|网格价:4.927
2023-02-10 00:10:57,452|INFO|example_grid_trading.py|__set_grids():85|网格价:4.952
2023-02-10 00:10:57,452|INFO|example_grid_trading.py|__set_grids():85|网格价:4.977
2023-02-10 00:11:02,771|INFO|user.py|update():61|当前账户可用资金：51358.25
2023-02-10 00:11:12,760|INFO|user.py|update():61|当前账户可用资金：51358.25
2023-02-10 00:11:22,751|INFO|user.py|update():61|当前账户可用资金：51358.25
2023-02-10 00:11:32,757|INFO|user.py|update():61|当前账户可用资金：51358.25
2023-02-10 00:11:42,751|INFO|user.py|update():61|当前账户可用资金：51358.25
