51358.35
2.000
2.010
2.020
2.030
2.040
2.050
2.060
2.070
2.080
2.090
2.100
2.110
2.121
2.132
2.143
2.154
2.165
2.176
2.187
2.198
2.209
2.220
2.231
2.242
2.253
2.264
2.275
2.286
2.297
2.308
2.320
2.332
2.344
2.356
2.368
2.380
2.392
2.404
2.416
2.428
2.440
2.452
2.464
2.476
2.488
2.500
2.512
2.525
2.538
2.551
2.564
2.577
2.590
2.603
2.616
2.629
2.642
2.655
2.668
2.681
2.694
2.707
2.721
2.735
2.749
2.763
2.777
2.791
2.805
2.819
2.833
2.847
2.861
2.875
2.889
2.903
2.918
2.933
2.948
2.963
2.978
2.993
3.008
3.023
3.038
3.053
3.068
3.083
3.098
3.113
3.129
3.145
3.161
3.177
3.193
3.209
3.225
3.241
3.257
3.273
3.289
3.305
3.322
3.339
3.356
3.373
3.390
3.407
3.424
3.441
3.458
3.475
3.492
3.509
3.527
3.545
3.563
3.581
3.599
3.617
3.635
3.653
3.671
3.689
3.707
3.726
3.745
3.764
3.783
3.802
3.821
3.840
3.859
3.878
3.897
3.916
3.936
3.956
3.976
3.996
4.016
4.036
4.056
4.076
4.096
4.116
4.137
4.158
4.179
4.200
4.221
4.242
4.263
4.284
4.305
4.327
4.349
4.371
4.393
4.415
4.437
4.459
4.481
4.503
4.526
4.549
4.572
4.595
4.618
4.641
4.664
4.687
4.710
4.734
4.758
4.782
4.806
4.830
4.854
4.878
4.902
4.927
4.952
4.977
51358.35
51358.35
51358.35
51358.35
51358.35
51358.35
51358.35
51358.35
51358.35
51358.35
51358.35
51358.35
51358.35
51358.35
51358.35
51358.35
51358.35
51358.35
51358.35
51358.35
51358.35
51358.35
51358.35
51358.35
51358.35
51358.35
51358.35
51358.35
51358.35
51358.35
51358.35
51358.35
51358.35
51358.35
51358.35
51358.35
51358.35
51358.35
51358.35
51358.35
51358.35
51358.35
51358.35
51358.35
51358.35
51358.35
51358.35
51358.35
51358.35
51358.35
51358.35
51358.35
51358.35
51358.35
51358.35
51358.35
51358.35
51358.35
51358.35
51358.35
51358.35
51358.35
51358.35
51358.35
51358.35
51358.35
51358.35
51358.35
51358.35
51358.35
51358.35
51358.35
51358.35
51358.35
51358.35
51358.35
51358.35
51358.35
51358.35
51358.35
51358.35
51358.35
51358.35
51358.35
51358.35
51358.35
51358.35
51358.35
51358.35
51358.35
51358.35
51358.35
51358.35
51358.35
51358.35
51358.35
51358.35
51358.35
51358.35
51358.35
51358.35
51358.35
51358.35
51358.35
51358.35
51358.35
51358.35
51358.35
51358.35
51358.35
51358.35
51358.35
51358.35
51358.35
51358.35
51358.35
51358.35
51358.35
51358.35
51358.35
51358.35
51358.35
51358.35
51358.35
51358.35
51358.35
51358.35
51358.35
51358.35
51358.35
51358.35
51358.35
51358.35
51358.35
51358.35
51358.35
51358.35
51358.35
51358.35
51358.35
51358.35
51358.35
51358.35
51358.35
51358.35
51358.35
51358.35
51358.35
51358.35
51358.35
51358.35
51358.35
51358.35
51358.35
51358.35
51358.35
51358.35
51358.35
51358.35
51358.35
51358.35
51358.35
51358.35
51358.35
51358.35
51358.35
51358.35
51358.35
51358.35
51358.35
51358.35
51358.35
51358.35
51358.35
51358.35
51358.35
51358.35
51358.35
51358.35
51358.35
51358.35
51358.35
51358.35
51358.35
51358.35
51358.35
51358.35
51358.35
51358.35
51358.35
51358.35
51358.35
51358.35
51358.35
51358.35
51358.35
51358.35
51358.35
51358.35
51358.35
51358.35
51358.35
51358.35
51358.35
51358.35
51358.35
51358.35
51358.35
51358.35
51358.35
51358.35
51358.35
51358.35
51358.35
51358.35
51358.35
51358.35
51358.35
51358.35
51358.35
51358.35
51358.35
51358.35
51358.35
51358.35
51358.35
51358.35
51358.35
51358.35
51358.35
51358.35
51358.35
51358.35
51358.35
51358.35
51358.35
51358.35
51358.35
51358.35
51358.35
51358.35
51358.35
51358.35
51358.35
51358.35
51358.35
51358.35
51358.35
51358.35
51358.35
51358.35
51358.35
51358.35
51358.35
51358.35
51358.35
51358.35
51358.35
51358.35
51358.35
51358.35
51358.35
51358.35
51358.35
51358.35
51358.35
51358.35
51358.35
51358.35
51358.35
51358.35
51358.35
51358.35
51358.35
51358.35
51358.35
51358.35
51358.35
51358.35
51358.35
51358.35
51358.35
51358.35
51358.35
51358.35
51358.35
51358.35
51358.35
51358.35
51358.35
51358.35
51358.35
51358.35
51358.35
51358.35
51358.35
51358.35
51358.35
51358.35
51358.35
51358.35
51358.35
51358.35
51358.35
51358.35
51358.35
51358.35
51358.35
51358.35
51358.35
51358.35
51358.35
51358.35
51358.35
51358.35
51358.35
51358.35
51358.35
51358.35
51358.35
51358.35
51358.35
51358.35
51358.35
51358.35
51358.35
51358.35
51358.35
51358.35
51358.35
51358.35
51358.35
51358.35
51358.35
51358.35
51358.35
51358.35
51358.35
51358.35
51358.35
51358.35
51358.35
51358.35
51358.35
51358.35
51358.35
51358.35
51358.35
51358.35
51358.35
51358.35
51358.35
51358.35
51358.35
51358.35
51358.35
51358.35
51358.35
51358.35
51358.35
51358.35
51358.35
51358.35
51358.35
51358.35
51358.35
51358.35
51358.35
51358.35
51358.35
51358.35
51358.35
51358.35
51358.35
51358.35
51358.35
51358.35
51358.35
51358.35
51358.35
51358.35
51358.35
51358.35
51358.35
51358.35
51358.35
51358.35
51358.35
51358.35
51358.35
51358.35
51358.35
51358.35
51358.35
51358.35
51358.35
51358.35
51358.35
51358.35
51358.35
51358.35
51358.35
51358.35
51358.35
51358.35
51358.35
51358.35
51358.35
51358.35
51358.35
51358.35
51358.35
51358.35
51358.35
51358.35
51358.35
51358.35
51358.35
51358.35
51358.35
51358.35
51358.35
51358.35
51358.35
51358.35
51358.35
51358.35
51358.35
51358.35
51358.35
51358.35
51358.35
51358.35
51358.35
51358.35
51358.35
51358.35
51358.35
51358.35
51358.35
51358.35
51358.35
51358.35
51358.35
51358.35
51358.35
51358.35
51358.35
51358.35
51358.35
51358.35
51358.35
51358.35
51358.35
51358.35
51358.35
51358.35
51358.35
51358.35
51358.35
51358.35
51358.35
51358.35
51358.35
51358.35
51358.35
51358.35
51358.35
51358.35
51358.35
51358.35
51358.35
51358.35
51358.35
51358.35
51358.35
51358.35
51358.35
51358.35
51358.35
51358.35
51358.35
51358.35
51358.35
51358.35
51358.35
51358.35
51358.35
51358.35
51358.35
51358.35
51358.35
51358.35
51358.35
51358.35
51358.35
51358.35
51358.35
51358.35
51358.35
51358.35
51358.35
51358.35
51358.35
51358.35
51358.35
51358.35
51358.35
51358.35
51358.35
51358.35
51358.35
51358.35
51358.35
51358.35
51358.35
51358.35
51358.35
51358.35
51358.35
51358.35
51358.35
51358.35
51358.35
51358.35
51358.35
51358.35
51358.35
51358.35
51358.35
51358.35
51358.35
51358.35
51358.35
51358.35
51358.35
51358.35
51358.35
51358.35
51358.35
51358.35
51358.35
51358.35
51358.35
51358.35
51358.35
51358.35
51358.35
51358.35
51358.35
51358.35
51358.35
51358.35
51358.35
51358.35
51358.35
51358.35
51358.35
51358.35
51358.35
51358.35
51358.35
51358.35
51358.35
51358.35
51358.35
51358.35
51358.35
51358.35
51358.35
51358.35
51358.35
51358.35
51358.35
51358.35
51358.35
51358.35
51358.35
51358.35
51358.35
51358.35
51358.35
51358.35
51358.35
51358.35
51358.35
51358.35
51358.35
51358.35
51358.35
51358.35
51358.35
51358.35
51358.35
51358.35
51358.35
51358.35
51358.35
51358.35
51358.35
51358.35
51358.35
51358.35
51358.35
51358.35
51358.35
51358.35
51358.35
51358.35
51358.35
51358.35
51358.35
51358.35
51358.35
51358.35
51358.35
51358.35
51358.35
51358.35
51358.35
51358.35
51358.35
51358.35
51358.35
51358.35
51358.35
51358.35
51358.35
51358.35
51358.35
51358.35
51358.35
51358.35
51358.35
51358.35
51358.35
51358.35
51358.35
51358.35
51358.35
51358.35
51358.35
51358.35
51358.35
51358.35
51358.35
51358.35
51358.35
51358.35
51358.35
51358.35
51358.35
51358.35
51358.35
51358.35
51358.35
51358.35
51358.35
51358.35
51358.35
51358.35
51358.35
51358.35
51358.35
51358.35
51358.35
51358.35
51358.35
51358.35
51358.35
51358.35
51358.35
51358.35
51358.35
51358.35
51358.35
51358.35
51358.35
51358.35
51358.35
51358.35
51358.35
51358.35
51358.35
51358.35
51358.35
51358.35
51358.35
51358.35
51358.35
51358.35
51358.35
51358.35
51358.35
51358.35
51358.35
51358.35
51358.35
51358.35
51358.35
51358.35
51358.35
51358.35
51358.35
51358.35
51358.35
51358.35
51358.35
51358.35
51358.35
51358.35
51358.35
51358.35
51358.35
51358.35
51358.35
51358.35
51358.35
51358.35
51358.35
51358.35
51358.35
51358.35
51358.35
51358.35
51358.35
51358.35
51358.35
51358.35
51358.35
51358.35
51358.35
51358.35
51358.35
51358.35
51358.35
51358.35
51358.35
51358.35
51358.35
51358.35
51358.35
51358.35
51358.35
51358.35
51358.35
51358.35
51358.35
51358.35
51358.35
51358.35
51358.35
51358.35
51358.35
51358.35
51358.35
51358.35
51358.35
51358.35
51358.35
51358.35
51358.35
51358.35
51358.35
51358.35
51358.35
51358.35
51358.35
51358.35
51358.35
51358.35
51358.35
51358.35
51358.35
51358.35
51358.35
51358.35
51358.35
51358.35
51358.35
51358.35
51358.35
51358.35
51358.35
51358.35
51358.35
51358.35
51358.35
51358.35
51358.35
51358.35
51358.35
51358.35
51358.35
51358.35
51358.35
51358.35
51358.35
51358.35
51358.35
51358.35
51358.35
51358.35
51358.35
51358.35
51358.35
51358.35
51358.35
51358.35
51358.35
51358.35
51358.35
51358.35
51358.35
51358.35
51358.35
51358.35
51358.35
51358.35
51358.35
51358.35
51358.35
51358.35
51358.35
51358.35
51358.35
51358.35
51358.35
51358.35
51358.35
51358.35
51358.35
51358.35
51358.35
51358.35
51358.35
51358.35
51358.35
51358.35
51358.35
51358.35
51358.35
51358.35
51358.35
51358.35
51358.35
51358.35
51358.35
51358.35
51358.35
51358.35
51358.35
51358.35
51358.35
51358.35
51358.35
51358.35
51358.35
51358.35
51358.35
51358.35
51358.35
51358.35
51358.35
51358.35
51358.35
51358.35
51358.35
51358.35
51358.35
51358.35
51358.35
51358.35
51358.35
51358.35
51358.35
51358.35
51358.35
51358.35
51358.35
51358.35
51358.35
51358.35
51358.35
51358.35
51358.35
51358.35
51358.35
51358.35
51358.35
51358.35
51358.35
51358.35
51358.35
51358.35
51358.35
51358.35
51358.35
51358.35
51358.35
51358.35
51358.35
51358.35
51358.35
51358.35
51358.35
51358.35
51358.35
51358.35
51358.35
51358.35
51358.35
51358.35
51358.35
51358.35
51358.35
51358.35
51358.35
51358.35
51358.35
51358.35
51358.35
51358.35
51358.35
51358.35
51358.35
51358.35
51358.35
51358.35
51358.35
51358.35
51358.35
51358.35
51358.35
51358.35
51358.35
51358.35
51358.35
51358.35
51358.35
51358.35
51358.35
51358.35
51358.35
51358.35
51358.35
51358.35
51358.35
51358.35
51358.35
51358.35
51358.35
51358.35
51358.35
51358.35
51358.35
51358.35
51358.35
51358.35
51358.35
51358.35
51358.35
51358.35
51358.35
51358.35
51358.35
51358.35
51358.35
51358.35
51358.35
51358.35
51358.35
51358.35
51358.35
51358.35
51358.35
51358.35
51358.35
51358.35
51358.35
51358.35
51358.35
51358.35
51358.35
51358.35
51358.35
51358.35
51358.35
51358.35
51358.35
51358.35
51358.35
51358.35
51358.35
51358.35
51358.35
51358.35
51358.35
51358.35
51358.35
51358.35
51358.35
51358.35
51358.35
51358.35
51358.35
51358.35
51358.35
51358.35
51358.35
51358.35
51358.35
51358.35
51358.35
51358.35
51358.35
51358.35
51358.35
51358.35
51358.35
51358.35
51358.35
51358.35
51358.35
51358.35
51358.35
51358.35
51358.35
51358.35
51358.35
51358.35
51358.35
51358.35
51358.35
51358.35
51358.35
51358.35
51358.35
51358.35
51358.35
51358.35
51358.35
51358.35
51358.35
51358.35
51358.35
51358.35
51358.35
51358.35
51358.35
51358.35
51358.35
51358.35
51358.35
51358.35
51358.35
51358.35
51358.35
51358.35
51358.35
51358.35
51358.35
51358.35
51358.35
51358.35
51358.35
51358.35
51358.35
51358.35
51358.35
51358.35
51358.35
51358.35
51358.35
51358.35
51358.35
51358.35
51358.35
51358.35
51358.35
51358.35
51358.35
51358.35
51358.35
51358.35
51358.35
51358.35
51358.35
51358.35
51358.35
51358.35
51358.35
51358.35
51358.35
51358.35
51358.35
51358.35
51358.35
51358.35
51358.35
51358.35
51358.35
51358.35
51358.35
51358.35
51358.35
51358.35
51358.35
51358.35
51358.35
51358.35
51358.35
51358.35
51358.35
51358.35
51358.35
51358.35
51358.35
51358.35
51358.35
51358.35
51358.35
51358.35
51358.35
51358.35
51358.35
51358.35
51358.35
51358.35
51358.35
51358.35
51358.35
51358.35
51358.35
51358.35
51358.35
51358.35
51358.35
51358.35
51358.35
51358.35
51358.35
51358.35
51358.35
51358.35
51358.35
51358.35
51358.35
51358.35
51358.35
51358.35
51358.35
51358.35
51358.35
51358.35
51358.35
51358.35
51358.35
51358.35
51358.35
51358.35
51358.35
51358.35
51358.35
51358.35
51358.35
51358.35
51358.35
51358.35
51358.35
51358.35
51358.35
51358.35
51358.35
51358.35
51358.35
51358.35
51358.35
51358.35
51358.35
51358.35
51358.35
51358.35
51358.35
51358.35
51358.35
51358.35
51358.35
51358.35
51358.35
51358.35
51358.35
51358.35
51358.35
51358.35
51358.35
51358.35
51358.35
51358.35
51358.35
51358.35
51358.35
51358.35
51358.35
51358.35
51358.35
51358.35
51358.35
51358.35
51358.35
51358.35
51358.35
51358.35
51358.35
51358.35
51358.35
51358.35
51358.35
51358.35
51358.35
51358.35
51358.35
51358.35
51358.35
51358.35
51358.35
51358.35
51358.35
51358.35
51358.35
51358.35
51358.35
51358.35
51358.35
51358.35
51358.35
51358.35
51358.35
51358.35
51358.35
51358.35
51358.35
51358.35
51358.35
51358.35
51358.35
51358.35
51358.35
51358.35
51358.35
51358.35
51358.35
51358.35
51358.35
51358.35
51358.35
51358.35
51358.35
51358.35
51358.35
51358.35
51358.35
51358.35
51358.35
51358.35
51358.35
51358.35
51358.35
51358.35
51358.35
51358.35
51358.35
51358.35
51358.35
51358.35
51358.35
51358.35
51358.35
51358.35
51358.35
51358.35
51358.35
51358.35
51358.35
51358.35
51358.35
51358.35
51358.35
51358.35
51358.35
51358.35
51358.35
51358.35
51358.35
51358.35
51358.35
51358.35
51358.35
51358.35
51358.35
51358.35
51358.35
51358.35
51358.35
51358.35
51358.35
51358.35
51358.35
51358.35
51358.35
51358.35
51358.35
51358.35
51358.35
51358.35
51358.35
51358.35
51358.35
51358.35
51358.35
51358.35
51358.35
51358.35
51358.35
51358.35
51358.35
51358.35
51358.35
51358.35
51358.35
51358.35
51358.35
51358.35
51358.35
51358.35
51358.35
51358.35
51358.35
51358.35
51358.35
51358.35
51358.35
51358.35
51358.35
51358.35
51358.35
51358.35
51358.35
51358.35
51358.35
51358.35
51358.35
51358.35
51358.35
51358.35
51358.35
51358.35
51358.35
51358.35
51358.35
51358.35
51358.35
51358.35
51358.35
51358.35
51358.35
51358.35
51358.35
51358.35
51358.35
51358.35
51358.35
51358.35
51358.35
51358.35
51358.35
51358.35
51358.35
51358.35
51358.35
51358.35
51358.35
51358.35
51358.35
51358.35
51358.35
51358.35
51358.35
51358.35
51358.35
51358.35
51358.35
51358.35
51358.35
51358.35
51358.35
51358.35
51358.35
51358.35
51358.35
51358.35
51358.35
51358.35
51358.35
51358.35
51358.35
51358.35
51358.35
51358.35
51358.35
51358.35
51358.35
51358.35
51358.35
51358.35
51358.35
51358.35
51358.35
51358.35
51358.35
51358.35
51358.35
51358.35
51358.35
51358.35
51358.35
51358.35
51358.35
51358.35
51358.35
51358.35
51358.35
51358.35
51358.35
51358.35
51358.35
51358.35
51358.35
51358.35
51358.35
51358.35
51358.35
51358.35
51358.35
51358.35
51358.35
51358.35
51358.35
51358.35
51358.35
51358.35
51358.35
51358.35
51358.35
51358.35
51358.35
51358.35
51358.35
51358.35
51358.35
51358.35
51358.35
51358.35
51358.35
51358.35
51358.35
51358.35
51358.35
51358.35
51358.35
51358.35
51358.35
51358.35
51358.35
51358.35
51358.35
51358.35
51358.35
51358.35
51358.35
51358.35
51358.35
51358.35
51358.35
51358.35
51358.35
51358.35
51358.35
51358.35
51358.35
51358.35
51358.35
51358.35
51358.35
51358.35
51358.35
51358.35
51358.35
51358.35
51358.35
51358.35
51358.35
51358.35
51358.35
51358.35
51358.35
51358.35
51358.35
51358.35
51358.35
51358.35
51358.35
51358.35
51358.35
51358.35
51358.35
51358.35
51358.35
51358.35
51358.35
51358.35
51358.35
51358.35
51358.35
51358.35
51358.35
51358.35
51358.35
51358.35
51358.35
51358.35
51358.35
51358.35
51358.35
51358.35
51358.35
51358.35
51358.35
51358.35
51358.35
51358.35
51358.35
51358.35
51358.35
51358.35
51358.35
51358.35
51358.35
51358.35
51358.35
51358.35
51358.35
51358.35
51358.35
51358.35
51358.35
51358.35
51358.35
51358.35
51358.35
51358.35
51358.35
51358.35
51358.35
51358.35
51358.35
51358.35
51358.35
51358.35
51358.35
51358.35
51358.35
51358.35
51358.35
51358.35
51358.35
51358.35
51358.35
51358.35
51358.35
51358.35
51358.35
51358.35
51358.35
51358.35
51358.35
51358.35
51358.35
51358.35
51358.35
51358.35
51358.35
51358.35
51358.35
51358.35
51358.35
51358.35
51358.35
51358.35
51358.35
51358.35
51358.35
51358.35
51358.35
51358.35
51358.35
51358.35
51358.35
51358.35
51358.35
51358.35
51358.35
51358.35
51358.35
51358.35
51358.35
51358.35
51358.35
51358.35
51358.35
51358.35
51358.35
51358.35
51358.35
51358.35
51358.35
51358.35
51358.35
51358.35
51358.35
51358.35
51358.35
51358.35
51358.35
51358.35
51358.35
51358.35
51358.35
51358.35
51358.35
51358.35
51358.35
51358.35
51358.35
51358.35
51358.35
51358.35
51358.35
51358.35
51358.35
51358.35
51358.35
51358.35
51358.35
51358.35
51358.35
51358.35
51358.35
51358.35
51358.35
51358.35
51358.35
51358.35
51358.35
51358.35
51358.35
51358.35
51358.35
51358.35
51358.35
51358.35
51358.35
51358.35
51358.35
51358.35
51358.35
51358.35
51358.35
51358.35
51358.35
51358.35
51358.35
51358.35
51358.35
51358.35
51358.35
51358.35
51358.35
51358.35
51358.35
51358.35
51358.35
51358.35
51358.35
51358.35
51358.35
51358.35
51358.35
51358.35
51358.35
51358.35
51358.35
51358.35
51358.35
51358.35
51358.35
51358.35
51358.35
51358.35
51358.35
51358.35
51358.35
51358.35
51358.35
51358.35
51358.35
51358.35
51358.35
51358.35
51358.35
51358.35
51358.35
51358.35
51358.35
51358.35
51358.35
51358.35
51358.35
51358.35
51358.35
51358.35
51358.35
51358.35
51358.35
51358.35
51358.35
51358.35
51358.35
51358.35
51358.35
51358.35
51358.35
51358.35
51358.35
51358.35
51358.35
51358.35
51358.35
51358.35
51358.35
51358.35
51358.35
51358.35
51358.35
51358.35
51358.35
51358.35
51358.35
51358.35
51358.35
51358.35
51358.35
51358.35
51358.35
51358.35
51358.35
51358.35
51358.35
51358.35
51358.35
51358.35
51358.35
51358.35
51358.35
51358.35
51358.35
51358.35
51358.35
51358.35
51358.35
51358.35
51358.35
51358.35
51358.35
51358.35
51358.35
51358.35
51358.35
51358.35
51358.35
51358.35
51358.35
51358.35
51358.35
51358.35
51358.35
51358.35
51358.35
51358.35
51358.35
51358.35
51358.35
51358.35
51358.35
51358.35
51358.35
51358.35
51358.35
51358.35
51358.35
51358.35
51358.35
51358.35
51358.35
51358.35
51358.35
51358.35
51358.35
51358.35
51358.35
51358.35
51358.35
51358.35
51358.35
51358.35
51358.35
51358.35
51358.35
51358.35
51358.35
51358.35
51358.35
51358.35
51358.35
51358.35
51358.35
51358.35
51358.35
51358.35
51358.35
51358.35
51358.35
51358.35
51358.35
51358.35
51358.35
51358.35
51358.35
51358.35
51358.35
51358.35
51358.35
51358.35
51358.35
51358.35
51358.35
51358.35
51358.35
51358.35
51358.35
51358.35
51358.35
51358.35
51358.35
51358.35
51358.35
51358.35
51358.35
51358.35
51358.35
51358.35
51358.35
51358.35
51358.35
51358.35
51358.35
51358.35
51358.35
51358.35
51358.35
51358.35
51358.35
51358.35
51358.35
51358.35
51358.35
51358.35
51358.35
51358.35
51358.35
51358.35
51358.35
51358.35
51358.35
51358.35
51358.35
51358.35
51358.35
51358.35
51358.35
51358.35
51358.35
51358.35
51358.35
51358.35
51358.35
51358.35
51358.35
51358.35
51358.35
51358.35
51358.35
51358.35
51358.35
51358.35
51358.35
51358.35
51358.35
51358.35
51358.35
51358.35
51358.35
51358.35
51358.35
51358.35
51358.35
51358.35
51358.35
51358.35
51358.35
51358.35
51358.35
51358.35
51358.35
51358.35
51358.35
51358.35
51358.35
51358.35
51358.35
51358.35
51358.35
51358.35
51358.35
51358.35
51358.35
51358.35
51358.35
51358.35
51358.35
51358.35
51358.35
51358.35
51358.35
51358.35
51358.35
51358.35
51358.35
51358.35
51358.35
51358.35
51358.35
51358.35
51358.35
51358.35
51358.35
51358.35
51358.35
51358.35
51358.35
51358.35
51358.35
51358.35
51358.35
51358.35
51358.35
51358.35
51358.35
51358.35
51358.35
51358.35
51358.35
51358.35
51358.35
51358.35
51358.35
51358.35
51358.35
51358.35
51358.35
51358.35
51358.35
51358.35
51358.35
51358.35
51358.35
51358.35
51358.35
51358.35
51358.35
51358.35
51358.35
51358.35
51358.35
51358.35
51358.35
51358.35
51358.35
51358.35
51358.35
51358.35
51358.35
51358.35
51358.35
51358.35
51358.35
51358.35
51358.35
51358.35
51358.35
51358.35
51358.35
51358.35
51358.35
51358.35
51358.35
51358.35
51358.35
51358.35
51358.35
51358.35
51358.35
51358.35
51358.35
51358.35
51358.35
51358.35
51358.35
51358.35
51358.35
51358.35
51358.35
51358.35
51358.35
51358.35
51358.35
51358.35
51358.35
51358.35
51358.35
51358.35
51358.35
51358.35
51358.35
51358.35
51358.35
51358.35
51358.35
51358.35
51358.35
51358.35
51358.35
51358.35
51358.35
51358.35
51358.35
51358.35
51358.35
51358.35
51358.35
51358.35
51358.35
51358.35
51358.35
51358.35
51358.35
51358.35
51358.35
51358.35
51358.35
51358.35
51358.35
51358.35
51358.35
51358.35
51358.35
51358.35
51358.35
51358.35
51358.35
51358.35
51358.35
51358.35
51358.35
51358.35
51358.35
51358.35
51358.35
51358.35
51358.35
51358.35
51358.35
51358.35
51358.35
51358.35
51358.35
51358.35
51358.35
51358.35
51358.35
51358.35
51358.35
51358.35
51358.35
51358.35
51358.35
51358.35
51358.35
51358.35
51358.35
51358.35
51358.35
51358.35
51358.35
51358.35
51358.35
51358.35
51358.35
51358.35
51358.35
51358.35
51358.35
51358.35
51358.35
51358.35
51358.35
51358.35
51358.35
51358.35
51358.35
51358.35
51358.35
51358.35
51358.35
51358.35
51358.35
51358.35
51358.35
51358.35
51358.35
51358.35
51358.35
51358.35
51358.35
51358.35
51358.35
51358.35
51358.35
51358.35
51358.35
51358.35
51358.35
51358.35
51358.35
51358.35
51358.35
51358.35
51358.35
51358.35
51358.35
51358.35
51358.35
51358.35
51358.35
51358.35
51358.35
51358.35
51358.35
51358.35
51358.35
51358.35
51358.35
51358.35
51358.35
51358.35
51358.35
51358.35
51358.35
51358.35
51358.35
51358.35
51358.35
51358.35
51358.35
51358.35
51358.35
51358.35
51358.35
51358.35
51358.35
51358.35
51358.35
51358.35
51358.35
51358.35
51358.35
51358.35
51358.35
51358.35
51358.35
51358.35
51358.35
51358.35
51358.35
51358.35
51358.35
51358.35
51358.35
51358.35
51358.35
51358.35
51358.35
51358.35
51358.35
51358.35
51358.35
51358.35
51358.35
51358.35
51358.35
51358.35
51358.35
51358.35
51358.35
51358.35
51358.35
51358.35
51358.35
51358.35
51358.35
51358.35
51358.35
51358.35
51358.35
51358.35
51358.35
51358.35
51358.35
51358.35
51358.35
51358.35
51358.35
51358.35
51358.35
51358.35
51358.35
51358.35
51358.35
51358.35
51358.35
51358.35
51358.35
51358.35
51358.35
51358.35
51358.35
51358.35
51358.35
51358.35
51358.35
51358.35
51358.35
51358.35
51358.35
51358.35
51358.35
51358.35
51358.35
51358.35
51358.35
51358.35
51358.35
51358.35
51358.35
51358.35
51358.35
51358.35
51358.35
51358.35
51358.35
51358.35
51358.35
51358.35
51358.35
51358.35
51358.35
51358.35
51358.35
51358.35
51358.35
51358.35
51358.35
51358.35
51358.35
51358.35
51358.35
51358.35
51358.35
51358.35
51358.35
51358.35
51358.35
51358.35
51358.35
51358.35
51358.35
51358.35
51358.35
51358.35
51358.35
51358.35
51358.35
51358.35
51358.35
51358.35
51358.35
51358.35
51358.35
51358.35
51358.35
51358.35
51358.35
51358.35
51358.35
51358.35
51358.35
51358.35
51358.35
51358.35
51358.35
51358.35
51358.35
51358.35
51358.35
51358.35
51358.35
51358.35
51358.35
51358.35
51358.35
51358.35
51358.35
51358.35
51358.35
51358.35
51358.35
51358.35
51358.35
51358.35
51358.35
51358.35
51358.35
51358.35
51358.35
51358.35
51358.35
51358.35
51358.35
51358.35
51358.35
51358.35
51358.35
51358.35
51358.35
51358.35
51358.35
51358.35
51358.35
51358.35
51358.35
51358.35
51358.35
51358.35
51358.35
51358.35
51358.35
51358.35
51358.35
51358.35
51358.35
51358.35
51358.35
51358.35
51358.35
51358.35
51358.35
51358.35
51358.35
51358.35
51358.35
51358.35
51358.35
51358.35
51358.35
51358.35
51358.35
51358.35
51358.35
51358.35
51358.35
51358.35
51358.35
51358.35
51358.35
51358.35
51358.35
51358.35
51358.35
51358.35
51358.35
51358.35
51358.35
51358.35
51358.35
51358.35
51358.35
51358.35
51358.35
51358.35
51358.35
51358.35
51358.35
51358.35
51358.35
51358.35
51358.35
51358.35
51358.35
51358.35
51358.35
51358.35
51358.35
51358.35
51358.35
51358.35
51358.35
51358.35
51358.35
51358.35
51358.35
51358.35
51358.35
51358.35
51358.35
51358.35
51358.35
51358.35
51358.35
51358.35
51358.35
51358.35
51358.35
51358.35
51358.35
51358.35
51358.35
51358.35
51358.35
51358.35
51358.35
51358.35
51358.35
51358.35
51358.35
51358.35
51358.35
51358.35
51358.35
51358.35
51358.35
51358.35
51358.35
51358.35
51358.35
51358.35
51358.35
51358.35
51358.35
51358.35
51358.35
51358.35
51358.35
51358.35
51358.35
51358.35
51358.35
51358.35
51358.35
51358.35
51358.35
51358.35
51358.35
51358.35
51358.35
51358.35
51358.35
51358.35
51358.35
51358.35
51358.35
51358.35
51358.35
51358.35
51358.35
51358.35
51358.35
51358.35
51358.35
51358.35
51358.35
51358.35
51358.35
51358.35
51358.35
51358.35
51358.35
51358.35
51358.35
51358.35
51358.35
51358.35
51358.35
51358.35
51358.35
51358.35
51358.35
51358.35
51358.35
51358.35
51358.35
51358.35
51358.35
51358.35
51358.35
51358.35
51358.35
51358.35
51358.35
51358.35
51358.35
51358.35
51358.35
51358.35
51358.35
51358.35
51358.35
51358.35
51358.35
51358.35
51358.35
51358.35
51358.35
51358.35
51358.35
51358.35
51358.35
51358.35
51358.35
51358.35
51358.35
51358.35
51358.35
51358.35
51358.35
51358.35
51358.35
51358.35
51358.35
51358.35
51358.35
51358.35
51358.35
51358.35
51358.35
51358.35
51358.35
51358.35
51358.35
51358.35
51358.35
51358.35
51358.35
51358.35
51358.35
51358.35
51358.35
51358.35
51358.35
51358.35
51358.35
51358.35
51358.35
51358.35
51358.35
51358.35
51358.35
Exception in thread Thread-1:
Traceback (most recent call last):
  File "/root/miniconda3/lib/python3.9/threading.py", line 973, in _bootstrap_inner
    self.run()
  File "/root/trading/updateloop.py", line 45, in run
    self.__loop()
  File "/root/trading/updateloop.py", line 53, in __loop
    if pure_obj.update() != 0:
  File "/root/trading/user.py", line 33, in update
    print(self.finance_info['Data'][0]['Kyzj'])
KeyError: 'Data'
